<?xml version="1.0" encoding="UTF-8" standalone="no"?><testsuites><testsuite errors="0" failures="1" hostname="3635D1905B3C00EC_samsung_NexusS" name="com.hari.maven_test.test" tests="1" time="0.0980" timestamp="Mon Jun 10 15:33:27 EDT 2013"><properties>
[...]
</properties><testcase classname="com.hari.maven_test.test.MavenTest" name="testPreConditions" time="0.0810"><failure message="" type="junit.framework.ComparisonFailure">junit.framework.ComparisonFailure: expected:&lt;...fff...&gt; but was:&lt;......&gt;&#13;
at com.hari.maven_test.test.MavenTest.testPreConditions(MavenTest.java:46)&#13;
at java.lang.reflect.Method.invokeNative(Native Method)&#13;
at android.test.InstrumentationTestCase.runMethod(InstrumentationTestCase.java:204)&#13;
at android.test.InstrumentationTestCase.runTest(InstrumentationTestCase.java:194)&#13;
at android.test.AndroidTestRunner.runTest(AndroidTestRunner.java:169)&#13;
at android.test.AndroidTestRunner.runTest(AndroidTestRunner.java:154)&#13;
at android.test.InstrumentationTestRunner.onStart(InstrumentationTestRunner.java:529)&#13;
at android.app.Instrumentation$InstrumentationThread.run(Instrumentation.java:1448)&#13;
</failure></testcase></testsuite></testsuites>